<?xml version="1.0" encoding="utf-8"?><testsuites name="pytest tests"><testsuite name="pytest" errors="0" failures="0" skipped="0" tests="19" time="252.747" timestamp="2026-02-17T02:07:05.487058+00:00" hostname="agent-env-d30b5765-b301-477b-8c8f-bde9a8760244"><testcase classname="backend.tests.test_telegram_webhook.TestWebhookEndpoint" name="test_webhook_endpoint_returns_200" time="2.281" /><testcase classname="backend.tests.test_telegram_webhook.TestWebhookEndpoint" name="test_health_endpoint" time="0.129" /><testcase classname="backend.tests.test_telegram_webhook.TestDomainSearchFlow" name="test_start_command_initializes_user" time="2.082" /><testcase classname="backend.tests.test_telegram_webhook.TestDomainSearchFlow" name="test_navigate_to_domain_menu" time="2.137" /><testcase classname="backend.tests.test_telegram_webhook.TestDomainSearchFlow" name="test_click_buy_domain_names" time="2.071" /><testcase classname="backend.tests.test_telegram_webhook.TestDomainSearchFlow" name="test_search_available_domain" time="8.880" /><testcase classname="backend.tests.test_telegram_webhook.TestShortenerYesPath" name="test_shortener_yes_skips_ns_selection" time="16.835" /><testcase classname="backend.tests.test_telegram_webhook.TestShortenerNoPath" name="test_shortener_no_shows_ns_selection" time="16.787" /><testcase classname="backend.tests.test_telegram_webhook.TestNSSelectionFlow" name="test_standard_dns_selection" time="19.730" /><testcase classname="backend.tests.test_telegram_webhook.TestNSSelectionFlow" name="test_cloudflare_dns_selection" time="18.682" /><testcase classname="backend.tests.test_telegram_webhook.TestNSSelectionFlow" name="test_custom_dns_flow" time="18.740" /><testcase classname="backend.tests.test_telegram_webhook.TestNSSelectionFlow" name="test_custom_ns_entry_minimum_2_required" time="21.066" /><testcase classname="backend.tests.test_telegram_webhook.TestPaymentScreen" name="test_payment_screen_shows_apply_coupon" time="17.242" /><testcase classname="backend.tests.test_telegram_webhook.TestPaymentScreen" name="test_apply_coupon_button_navigates_to_coupon_entry" time="18.987" /><testcase classname="backend.tests.test_telegram_webhook.TestBackNavigation" name="test_back_from_payment_goes_to_ns_selection_when_shortener_no" time="20.946" /><testcase classname="backend.tests.test_telegram_webhook.TestBackNavigation" name="test_back_from_payment_goes_to_shortener_question_when_shortener_yes" time="19.010" /><testcase classname="backend.tests.test_telegram_webhook.TestUnavailableDomainFlow" name="test_unavailable_domain_shows_alternatives" time="15.340" /><testcase classname="backend.tests.test_telegram_webhook.TestStatePersistence" name="test_state_persists_domain_price_registrar" time="14.581" /><testcase classname="backend.tests.test_telegram_webhook.TestKeyboardButtons" name="test_ns_selection_has_correct_buttons" time="16.829" /></testsuite></testsuites>